

times in msec
 clock   self+sourced   self:  sourced script
 clock   elapsed:              other lines

000.010  000.010: --- NVIM STARTING ---
001.110  001.100: locale set
001.664  000.554: inits 1
001.690  000.026: window checked
001.696  000.006: parsing arguments
002.037  000.341: expanding arguments
002.120  000.083: inits 2
002.710  000.590: init highlight
002.935  000.225: waiting for UI
005.178  002.244: done waiting for UI
005.195  000.017: initialized screen early for UI
008.532  002.449  002.449: sourcing /Users/steven.cagle@wdc.com/.vim/autoload/plug.vim
010.189  000.149  000.149: sourcing /usr/local/Cellar/neovim/0.4.3/share/nvim/runtime/autoload/provider/pythonx.vim
087.663  000.189  000.189: sourcing /usr/local/Cellar/neovim/0.4.3/share/nvim/runtime/autoload/remote/host.vim
087.772  077.942  077.605: sourcing /usr/local/Cellar/neovim/0.4.3/share/nvim/runtime/autoload/provider/python3.vim
096.601  000.019  000.019: sourcing /Users/steven.cagle@wdc.com/.vim/plugged/vim-fugitive/ftdetect/fugitive.vim
096.867  000.056  000.056: sourcing /Users/steven.cagle@wdc.com/.vim/plugged/vim-tba/ftdetect/lst.vim
097.001  000.052  000.052: sourcing /Users/steven.cagle@wdc.com/.vim/plugged/vim-tba/ftdetect/tba.vim
097.180  006.509  006.382: sourcing /usr/local/Cellar/neovim/0.4.3/share/nvim/runtime/filetype.vim
097.516  000.045  000.045: sourcing /usr/local/Cellar/neovim/0.4.3/share/nvim/runtime/ftplugin.vim
097.834  000.040  000.040: sourcing /usr/local/Cellar/neovim/0.4.3/share/nvim/runtime/indent.vim
098.791  000.273  000.273: sourcing /usr/local/Cellar/neovim/0.4.3/share/nvim/runtime/syntax/syncolor.vim
098.931  000.674  000.402: sourcing /usr/local/Cellar/neovim/0.4.3/share/nvim/runtime/syntax/synload.vim
098.965  000.971  000.297: sourcing /usr/local/Cellar/neovim/0.4.3/share/nvim/runtime/syntax/syntax.vim
098.983  093.097  005.140: sourcing /Users/steven.cagle@wdc.com/.vim/vimrc/plugins.vim
099.515  000.203  000.203: sourcing /usr/local/Cellar/neovim/0.4.3/share/nvim/runtime/syntax/nosyntax.vim
100.163  000.139  000.139: sourcing /usr/local/Cellar/neovim/0.4.3/share/nvim/runtime/syntax/syncolor.vim
100.291  000.525  000.386: sourcing /usr/local/Cellar/neovim/0.4.3/share/nvim/runtime/syntax/synload.vim
100.323  001.128  000.400: sourcing /usr/local/Cellar/neovim/0.4.3/share/nvim/runtime/syntax/syntax.vim
100.368  001.279  000.150: sourcing /Users/steven.cagle@wdc.com/.vim/vimrc/settings.vim
100.767  000.302  000.302: sourcing /Users/steven.cagle@wdc.com/.vim/vimrc/plugin_configs.vim
101.067  000.198  000.198: sourcing /Users/steven.cagle@wdc.com/.vim/vimrc/mappings.vim
102.150  000.136  000.136: sourcing /usr/local/Cellar/neovim/0.4.3/share/nvim/runtime/syntax/syncolor.vim
103.048  000.147  000.147: sourcing /usr/local/Cellar/neovim/0.4.3/share/nvim/runtime/syntax/syncolor.vim
103.687  000.128  000.128: sourcing /usr/local/Cellar/neovim/0.4.3/share/nvim/runtime/syntax/syncolor.vim
103.749  002.297  001.886: sourcing /usr/local/Cellar/neovim/0.4.3/share/nvim/runtime/colors/default.vim
103.848  002.683  000.386: sourcing /Users/steven.cagle@wdc.com/.vim/vimrc/looks.vim
117.421  013.486  013.486: sourcing /Users/steven.cagle@wdc.com/.vim/vimrc/misc.vim
117.637  000.065  000.065: sourcing /Users/steven.cagle@wdc.com/.vim/vimrc/humor.vim
117.864  000.042  000.042: sourcing /Users/steven.cagle@wdc.com/.vim/vimrc/temporary.vim
117.877  112.152  001.000: sourcing /Users/steven.cagle@wdc.com/.vimrc
117.887  112.365  000.213: sourcing /Users/steven.cagle@wdc.com/.config/nvim/init.vim
117.896  000.336: sourcing vimrc file(s)
118.734  000.424  000.424: sourcing /Users/steven.cagle@wdc.com/.vim/plugged/vim-multiple-cursors/plugin/multiple_cursors.vim
119.737  000.224  000.224: sourcing /Users/steven.cagle@wdc.com/.vim/plugged/nerdtree/autoload/nerdtree.vim
121.066  000.619  000.619: sourcing /Users/steven.cagle@wdc.com/.vim/plugged/nerdtree/lib/nerdtree/path.vim
121.313  000.119  000.119: sourcing /Users/steven.cagle@wdc.com/.vim/plugged/nerdtree/lib/nerdtree/menu_controller.vim
121.500  000.072  000.072: sourcing /Users/steven.cagle@wdc.com/.vim/plugged/nerdtree/lib/nerdtree/menu_item.vim
121.756  000.099  000.099: sourcing /Users/steven.cagle@wdc.com/.vim/plugged/nerdtree/lib/nerdtree/key_map.vim
122.107  000.240  000.240: sourcing /Users/steven.cagle@wdc.com/.vim/plugged/nerdtree/lib/nerdtree/bookmark.vim
122.444  000.206  000.206: sourcing /Users/steven.cagle@wdc.com/.vim/plugged/nerdtree/lib/nerdtree/tree_file_node.vim
123.157  000.495  000.495: sourcing /Users/steven.cagle@wdc.com/.vim/plugged/nerdtree/lib/nerdtree/tree_dir_node.vim
123.564  000.198  000.198: sourcing /Users/steven.cagle@wdc.com/.vim/plugged/nerdtree/lib/nerdtree/opener.vim
123.960  000.234  000.234: sourcing /Users/steven.cagle@wdc.com/.vim/plugged/nerdtree/lib/nerdtree/creator.vim
124.199  000.064  000.064: sourcing /Users/steven.cagle@wdc.com/.vim/plugged/nerdtree/lib/nerdtree/flag_set.vim
124.581  000.252  000.252: sourcing /Users/steven.cagle@wdc.com/.vim/plugged/nerdtree/lib/nerdtree/nerdtree.vim
125.080  000.299  000.299: sourcing /Users/steven.cagle@wdc.com/.vim/plugged/nerdtree/lib/nerdtree/ui.vim
125.324  000.062  000.062: sourcing /Users/steven.cagle@wdc.com/.vim/plugged/nerdtree/lib/nerdtree/event.vim
125.483  000.045  000.045: sourcing /Users/steven.cagle@wdc.com/.vim/plugged/nerdtree/lib/nerdtree/notifier.vim
126.008  000.398  000.398: sourcing /Users/steven.cagle@wdc.com/.vim/plugged/nerdtree/autoload/nerdtree/ui_glue.vim
129.082  000.103  000.103: sourcing /Users/steven.cagle@wdc.com/.vim/plugged/nerdtree/nerdtree_plugin/exec_menuitem.vim
129.998  000.195  000.195: sourcing /usr/local/Cellar/neovim/0.4.3/share/nvim/runtime/autoload/provider/clipboard.vim
130.284  001.109  000.914: sourcing /Users/steven.cagle@wdc.com/.vim/plugged/nerdtree/nerdtree_plugin/fs_menu.vim
130.422  000.044  000.044: sourcing /Users/steven.cagle@wdc.com/.vim/plugged/nerdtree/nerdtree_plugin/vcs.vim
131.414  012.383  007.499: sourcing /Users/steven.cagle@wdc.com/.vim/plugged/nerdtree/plugin/NERD_tree.vim
131.988  000.231  000.231: sourcing /Users/steven.cagle@wdc.com/.vim/plugged/tabular/plugin/Tabular.vim
132.694  000.446  000.446: sourcing /Users/steven.cagle@wdc.com/.vim/plugged/vim-surround/plugin/surround.vim
133.661  000.414  000.414: sourcing /Users/steven.cagle@wdc.com/.vim/plugged/vimwiki/autoload/vimwiki/vars.vim
134.552  000.077  000.077: sourcing /Users/steven.cagle@wdc.com/.vim/plugged/vimwiki/autoload/vimwiki/u.vim
136.519  003.550  003.059: sourcing /Users/steven.cagle@wdc.com/.vim/plugged/vimwiki/plugin/vimwiki.vim
136.875  000.038  000.038: sourcing /Users/steven.cagle@wdc.com/.vim/plugged/vim-snippets/plugin/vimsnippets.vim
137.700  000.591  000.591: sourcing /Users/steven.cagle@wdc.com/.vim/plugged/fzf/plugin/fzf.vim
138.699  000.760  000.760: sourcing /Users/steven.cagle@wdc.com/.vim/plugged/fzf.vim/plugin/fzf.vim
139.063  000.116  000.116: sourcing /Users/steven.cagle@wdc.com/.vim/plugged/vim-ripgrep/plugin/vim-ripgrep.vim
140.356  001.064  001.064: sourcing /Users/steven.cagle@wdc.com/.vim/plugged/vim-fugitive/plugin/fugitive.vim
140.899  000.268  000.268: sourcing /Users/steven.cagle@wdc.com/.vim/plugged/vim-gutentags/plugin/gutentags.vim
141.448  000.298  000.298: sourcing /Users/steven.cagle@wdc.com/.vim/plugged/vim-tmux-navigator/plugin/tmux_navigator.vim
142.734  001.033  001.033: sourcing /Users/steven.cagle@wdc.com/.vim/plugged/vim-dirdiff/plugin/dirdiff.vim
143.197  000.166  000.166: sourcing /Users/steven.cagle@wdc.com/.vim/plugged/markdown-preview.nvim/plugin/mkdp.vim
144.163  000.189  000.189: sourcing /Users/steven.cagle@wdc.com/.vim/plugged/vim-airline/autoload/airline/init.vim
144.893  000.276  000.276: sourcing /Users/steven.cagle@wdc.com/.vim/plugged/vim-airline/autoload/airline/parts.vim
146.246  000.389  000.389: sourcing /Users/steven.cagle@wdc.com/.vim/plugged/vim-airline/autoload/airline/util.vim
146.342  002.908  002.054: sourcing /Users/steven.cagle@wdc.com/.vim/plugged/vim-airline/plugin/airline.vim
146.695  000.041  000.041: sourcing /Users/steven.cagle@wdc.com/.vim/plugged/vim-airline-themes/plugin/airline-themes.vim
148.127  000.208  000.208: sourcing /usr/local/Cellar/neovim/0.4.3/share/nvim/runtime/plugin/gzip.vim
148.306  000.023  000.023: sourcing /usr/local/Cellar/neovim/0.4.3/share/nvim/runtime/plugin/health.vim
148.484  000.076  000.076: sourcing /usr/local/Cellar/neovim/0.4.3/share/nvim/runtime/plugin/man.vim
150.601  000.211  000.211: sourcing /usr/local/Cellar/neovim/0.4.3/share/nvim/runtime/pack/dist/opt/matchit/plugin/matchit.vim
150.683  002.101  001.889: sourcing /usr/local/Cellar/neovim/0.4.3/share/nvim/runtime/plugin/matchit.vim
150.980  000.193  000.193: sourcing /usr/local/Cellar/neovim/0.4.3/share/nvim/runtime/plugin/matchparen.vim
151.543  000.455  000.455: sourcing /usr/local/Cellar/neovim/0.4.3/share/nvim/runtime/plugin/netrwPlugin.vim
152.692  000.366  000.366: sourcing /usr/local/Cellar/neovim/0.4.3/share/nvim/runtime/autoload/remote/define.vim
152.785  000.815  000.449: sourcing /Users/steven.cagle@wdc.com/.local/share/nvim/rplugin.vim
152.798  001.133  000.318: sourcing /usr/local/Cellar/neovim/0.4.3/share/nvim/runtime/plugin/rplugin.vim
153.020  000.109  000.109: sourcing /usr/local/Cellar/neovim/0.4.3/share/nvim/runtime/plugin/shada.vim
153.163  000.032  000.032: sourcing /usr/local/Cellar/neovim/0.4.3/share/nvim/runtime/plugin/spellfile.vim
153.418  000.149  000.149: sourcing /usr/local/Cellar/neovim/0.4.3/share/nvim/runtime/plugin/tarPlugin.vim
153.698  000.170  000.170: sourcing /usr/local/Cellar/neovim/0.4.3/share/nvim/runtime/plugin/tohtml.vim
153.835  000.030  000.030: sourcing /usr/local/Cellar/neovim/0.4.3/share/nvim/runtime/plugin/tutor.vim
154.112  000.173  000.173: sourcing /usr/local/Cellar/neovim/0.4.3/share/nvim/runtime/plugin/zipPlugin.vim
154.160  007.091: loading plugins
154.306  000.146: loading packages
155.158  000.245  000.245: sourcing /Users/steven.cagle@wdc.com/.vim/plugged/tabular/autoload/tabular.vim
156.866  002.163  001.918: sourcing /Users/steven.cagle@wdc.com/.vim/plugged/tabular/after/plugin/TabularMaps.vim
156.878  000.409: loading after plugins
156.888  000.011: inits 3
159.378  002.490: reading ShaDa
161.382  000.283  000.283: sourcing /Users/steven.cagle@wdc.com/.vim/plugged/vim-airline/autoload/airline/extensions.vim
161.658  000.053  000.053: sourcing /Users/steven.cagle@wdc.com/.vim/plugged/vim-airline/autoload/airline/extensions/quickfix.vim
161.993  000.154  000.154: sourcing /Users/steven.cagle@wdc.com/.vim/plugged/vim-airline/autoload/airline.vim
162.257  000.038  000.038: sourcing /Users/steven.cagle@wdc.com/.vim/plugged/vim-airline/autoload/airline/extensions/netrw.vim
162.766  000.064  000.064: sourcing /Users/steven.cagle@wdc.com/.vim/plugged/vim-airline/autoload/airline/section.vim
163.258  000.178  000.178: sourcing /Users/steven.cagle@wdc.com/.vim/plugged/vim-airline/autoload/airline/highlighter.vim
163.410  000.934  000.692: sourcing /Users/steven.cagle@wdc.com/.vim/plugged/vim-airline/autoload/airline/extensions/term.vim
163.924  000.202  000.202: sourcing /Users/steven.cagle@wdc.com/.vim/plugged/vim-airline/autoload/airline/extensions/branch.vim
164.245  000.051  000.051: sourcing /Users/steven.cagle@wdc.com/.vim/plugged/vim-airline/autoload/airline/extensions/fugitiveline.vim
164.654  000.132  000.132: sourcing /Users/steven.cagle@wdc.com/.vim/plugged/vim-airline/autoload/airline/extensions/whitespace.vim
165.111  000.089  000.089: sourcing /Users/steven.cagle@wdc.com/.vim/plugged/vim-airline/autoload/airline/extensions/wordcount.vim
165.389  000.028  000.028: sourcing /Users/steven.cagle@wdc.com/.vim/plugged/vim-airline/autoload/airline/extensions/gutentags.vim
165.641  000.028  000.028: sourcing /Users/steven.cagle@wdc.com/.vim/plugged/vim-airline/autoload/airline/extensions/keymap.vim
171.393  000.053  000.053: sourcing /Users/steven.cagle@wdc.com/.vim/plugged/vim-airline/autoload/airline/themes.vim
171.501  000.414  000.361: sourcing /Users/steven.cagle@wdc.com/.vim/plugged/vim-airline-themes/autoload/airline/themes/minimalist.vim
174.053  000.176  000.176: sourcing /Users/steven.cagle@wdc.com/.vim/plugged/vim-airline-themes/autoload/airline/themes/minimalist.vim
188.006  000.136  000.136: sourcing /Users/steven.cagle@wdc.com/.vim/plugged/vim-airline/autoload/airline/builder.vim
188.702  000.089  000.089: sourcing /Users/steven.cagle@wdc.com/.vim/plugged/vim-airline/autoload/airline/extensions/default.vim
204.414  042.231: opening buffers
204.472  000.057: BufEnter autocommands
204.474  000.003: editing files in windows
205.139  000.390  000.390: sourcing /Users/steven.cagle@wdc.com/.vim/plugged/vim-gutentags/autoload/gutentags.vim
205.250  000.385: VimEnter autocommands
205.252  000.002: UIEnter autocommands
205.255  000.003: before starting main loop
210.363  003.687  003.687: sourcing /Users/steven.cagle@wdc.com/.vim/plugged/vim-fugitive/autoload/fugitive.vim
213.063  004.121: first screen update
213.066  000.003: --- NVIM STARTED ---


times in msec
 clock   self+sourced   self:  sourced script
 clock   elapsed:              other lines

000.009  000.009: --- NVIM STARTING ---
001.204  001.194: locale set
001.753  000.549: inits 1
001.777  000.025: window checked
001.783  000.005: parsing arguments
002.100  000.317: expanding arguments
002.179  000.080: inits 2
002.731  000.552: init highlight
002.931  000.199: waiting for UI
005.357  002.426: done waiting for UI
005.388  000.031: initialized screen early for UI
008.215  001.883  001.883: sourcing /Users/steven.cagle@wdc.com/.vim/autoload/plug.vim
018.872  000.147  000.147: sourcing /Users/steven.cagle@wdc.com/.vim/plugged/vim-tba/ftdetect/lst.vim
019.042  000.062  000.062: sourcing /Users/steven.cagle@wdc.com/.vim/plugged/vim-tba/ftdetect/tba.vim
019.265  008.151  007.943: sourcing /usr/local/Cellar/neovim/0.4.3/share/nvim/runtime/filetype.vim
019.608  000.060  000.060: sourcing /usr/local/Cellar/neovim/0.4.3/share/nvim/runtime/ftplugin.vim
019.921  000.047  000.047: sourcing /usr/local/Cellar/neovim/0.4.3/share/nvim/runtime/indent.vim
020.881  000.287  000.287: sourcing /usr/local/Cellar/neovim/0.4.3/share/nvim/runtime/syntax/syncolor.vim
021.039  000.686  000.399: sourcing /usr/local/Cellar/neovim/0.4.3/share/nvim/runtime/syntax/synload.vim
021.081  000.975  000.289: sourcing /usr/local/Cellar/neovim/0.4.3/share/nvim/runtime/syntax/syntax.vim
021.104  014.964  003.847: sourcing /Users/steven.cagle@wdc.com/.vim/vimrc/plugins.vim
021.789  000.302  000.302: sourcing /usr/local/Cellar/neovim/0.4.3/share/nvim/runtime/syntax/nosyntax.vim
022.481  000.172  000.172: sourcing /usr/local/Cellar/neovim/0.4.3/share/nvim/runtime/syntax/syncolor.vim
022.716  000.682  000.509: sourcing /usr/local/Cellar/neovim/0.4.3/share/nvim/runtime/syntax/synload.vim
022.756  001.406  000.422: sourcing /usr/local/Cellar/neovim/0.4.3/share/nvim/runtime/syntax/syntax.vim
022.804  001.579  000.174: sourcing /Users/steven.cagle@wdc.com/.vim/vimrc/settings.vim
023.169  000.248  000.248: sourcing /Users/steven.cagle@wdc.com/.vim/vimrc/plugin_configs.vim
023.547  000.260  000.260: sourcing /Users/steven.cagle@wdc.com/.vim/vimrc/mappings.vim
024.944  000.174  000.174: sourcing /usr/local/Cellar/neovim/0.4.3/share/nvim/runtime/syntax/syncolor.vim
025.978  000.188  000.188: sourcing /usr/local/Cellar/neovim/0.4.3/share/nvim/runtime/syntax/syncolor.vim
026.785  000.238  000.238: sourcing /usr/local/Cellar/neovim/0.4.3/share/nvim/runtime/syntax/syncolor.vim
026.894  002.836  002.237: sourcing /usr/local/Cellar/neovim/0.4.3/share/nvim/runtime/colors/default.vim
027.020  003.358  000.522: sourcing /Users/steven.cagle@wdc.com/.vim/vimrc/looks.vim
045.913  018.768  018.768: sourcing /Users/steven.cagle@wdc.com/.vim/vimrc/misc.vim
046.378  000.109  000.109: sourcing /Users/steven.cagle@wdc.com/.vim/vimrc/humor.vim
046.748  000.066  000.066: sourcing /Users/steven.cagle@wdc.com/.vim/vimrc/temporary.vim
046.780  040.846  001.494: sourcing /Users/steven.cagle@wdc.com/.vimrc
046.799  041.051  000.205: sourcing /Users/steven.cagle@wdc.com/.config/nvim/init.vim
046.822  000.382: sourcing vimrc file(s)
048.156  000.618  000.618: sourcing /Users/steven.cagle@wdc.com/.vim/plugged/vim-gutentags/plugin/gutentags.vim
049.273  000.641  000.641: sourcing /Users/steven.cagle@wdc.com/.vim/plugged/vim-tmux-navigator/plugin/tmux_navigator.vim
050.467  000.741  000.741: sourcing /Users/steven.cagle@wdc.com/.vim/plugged/vim-dirdiff/plugin/dirdiff.vim
051.109  000.195  000.195: sourcing /Users/steven.cagle@wdc.com/.vim/plugged/markdown-preview.nvim/plugin/mkdp.vim
052.131  000.148  000.148: sourcing /Users/steven.cagle@wdc.com/.vim/plugged/vim-airline/autoload/airline/init.vim
052.800  000.216  000.216: sourcing /Users/steven.cagle@wdc.com/.vim/plugged/vim-airline/autoload/airline/parts.vim
054.158  000.181  000.181: sourcing /Users/steven.cagle@wdc.com/.vim/plugged/vim-airline/autoload/airline/util.vim
054.273  002.800  002.255: sourcing /Users/steven.cagle@wdc.com/.vim/plugged/vim-airline/plugin/airline.vim
054.660  000.055  000.055: sourcing /Users/steven.cagle@wdc.com/.vim/plugged/vim-airline-themes/plugin/airline-themes.vim
056.351  000.248  000.248: sourcing /usr/local/Cellar/neovim/0.4.3/share/nvim/runtime/plugin/gzip.vim
056.512  000.027  000.027: sourcing /usr/local/Cellar/neovim/0.4.3/share/nvim/runtime/plugin/health.vim
056.725  000.090  000.090: sourcing /usr/local/Cellar/neovim/0.4.3/share/nvim/runtime/plugin/man.vim
058.730  000.239  000.239: sourcing /usr/local/Cellar/neovim/0.4.3/share/nvim/runtime/pack/dist/opt/matchit/plugin/matchit.vim
058.833  001.986  001.747: sourcing /usr/local/Cellar/neovim/0.4.3/share/nvim/runtime/plugin/matchit.vim
059.160  000.203  000.203: sourcing /usr/local/Cellar/neovim/0.4.3/share/nvim/runtime/plugin/matchparen.vim
059.804  000.512  000.512: sourcing /usr/local/Cellar/neovim/0.4.3/share/nvim/runtime/plugin/netrwPlugin.vim
060.795  000.278  000.278: sourcing /usr/local/Cellar/neovim/0.4.3/share/nvim/runtime/autoload/remote/host.vim
061.341  000.212  000.212: sourcing /usr/local/Cellar/neovim/0.4.3/share/nvim/runtime/autoload/remote/define.vim
061.445  001.187  000.698: sourcing /Users/steven.cagle@wdc.com/.local/share/nvim/rplugin.vim
061.460  001.489  000.301: sourcing /usr/local/Cellar/neovim/0.4.3/share/nvim/runtime/plugin/rplugin.vim
061.720  000.126  000.126: sourcing /usr/local/Cellar/neovim/0.4.3/share/nvim/runtime/plugin/shada.vim
061.888  000.036  000.036: sourcing /usr/local/Cellar/neovim/0.4.3/share/nvim/runtime/plugin/spellfile.vim
062.168  000.162  000.162: sourcing /usr/local/Cellar/neovim/0.4.3/share/nvim/runtime/plugin/tarPlugin.vim
062.408  000.118  000.118: sourcing /usr/local/Cellar/neovim/0.4.3/share/nvim/runtime/plugin/tohtml.vim
062.561  000.030  000.030: sourcing /usr/local/Cellar/neovim/0.4.3/share/nvim/runtime/plugin/tutor.vim
062.876  000.196  000.196: sourcing /usr/local/Cellar/neovim/0.4.3/share/nvim/runtime/plugin/zipPlugin.vim
062.928  005.834: loading plugins
063.096  000.167: loading packages
063.276  000.181: loading after plugins
063.289  000.013: inits 3
066.261  002.972: reading ShaDa
068.432  000.314  000.314: sourcing /Users/steven.cagle@wdc.com/.vim/plugged/vim-airline/autoload/airline/extensions.vim
068.686  000.061  000.061: sourcing /Users/steven.cagle@wdc.com/.vim/plugged/vim-airline/autoload/airline/extensions/quickfix.vim
069.089  000.195  000.195: sourcing /Users/steven.cagle@wdc.com/.vim/plugged/vim-airline/autoload/airline.vim
069.382  000.042  000.042: sourcing /Users/steven.cagle@wdc.com/.vim/plugged/vim-airline/autoload/airline/extensions/netrw.vim
069.851  000.069  000.069: sourcing /Users/steven.cagle@wdc.com/.vim/plugged/vim-airline/autoload/airline/section.vim
070.289  000.201  000.201: sourcing /Users/steven.cagle@wdc.com/.vim/plugged/vim-airline/autoload/airline/highlighter.vim
070.464  000.884  000.613: sourcing /Users/steven.cagle@wdc.com/.vim/plugged/vim-airline/autoload/airline/extensions/term.vim
070.993  000.152  000.152: sourcing /Users/steven.cagle@wdc.com/.vim/plugged/vim-airline/autoload/airline/extensions/whitespace.vim
071.420  000.099  000.099: sourcing /Users/steven.cagle@wdc.com/.vim/plugged/vim-airline/autoload/airline/extensions/wordcount.vim
071.672  000.030  000.030: sourcing /Users/steven.cagle@wdc.com/.vim/plugged/vim-airline/autoload/airline/extensions/gutentags.vim
071.899  000.031  000.031: sourcing /Users/steven.cagle@wdc.com/.vim/plugged/vim-airline/autoload/airline/extensions/keymap.vim
078.175  000.057  000.057: sourcing /Users/steven.cagle@wdc.com/.vim/plugged/vim-airline/autoload/airline/themes.vim
078.293  000.400  000.343: sourcing /Users/steven.cagle@wdc.com/.vim/plugged/vim-airline-themes/autoload/airline/themes/minimalist.vim
080.966  000.197  000.197: sourcing /Users/steven.cagle@wdc.com/.vim/plugged/vim-airline-themes/autoload/airline/themes/minimalist.vim
096.456  000.221  000.221: sourcing /Users/steven.cagle@wdc.com/.vim/plugged/vim-airline/autoload/airline/builder.vim
096.889  000.084  000.084: sourcing /Users/steven.cagle@wdc.com/.vim/plugged/vim-airline/autoload/airline/extensions/default.vim
112.673  043.705: opening buffers
112.718  000.045: BufEnter autocommands
112.753  000.035: editing files in windows
113.272  000.386  000.386: sourcing /Users/steven.cagle@wdc.com/.vim/plugged/vim-gutentags/autoload/gutentags.vim
113.434  000.294: VimEnter autocommands
113.436  000.002: UIEnter autocommands
113.797  000.155  000.155: sourcing /usr/local/Cellar/neovim/0.4.3/share/nvim/runtime/autoload/provider/clipboard.vim
113.810  000.219: before starting main loop
116.343  002.533: first screen update
116.358  000.015: --- NVIM STARTED ---
